*** 100 Создание бэклога
    101 Запросить возможность получения инфы о юзерах от Стаффа
    102 Запросить файлы для тестирования отправки звуковых файлов
    103 Уточнить что думают по поводу бота в Метромосте
    104 Уточнить механизм используемый для перевода в json
    105 Решить, нужно ли оставлять кнопку сообщит о технической ошибке?
    106 Получить рекомендации по обучению в рамках управления проектами

*** 110 Удалить функцию proxy_bot и все упоминания о ней
111 Перенос комментариев по коду в бэклог
112 Удаление кода не выполняющего никаких функций
113 Оптимизация кода
113-1 modul_for_bot --- check_product --- Код можно реализовать через функцию
113-2 modul_for_bot --- continue_ --- Часть кода можно реализовать через функцию

120 Составить список информации о юзере фиксируемой в БД
121 Добавить в БД столбец для фиксации даты добавления в бота
149 Создать файл для обработки и хранения SQL запросов
150 Перенести SQL запросы в отдельный файл
160 Перенос информации об id админов и токенах тестирования и продакшена из открытого доступа

200 Перенсти крупные блоки текста из кода в отдельный файл
290 Список реализованных возможностей бота
295 Список планируемых возможностей
299 Файл с описанием требований к файлу с вопросами

300 Написание документации по коду
301 Описание каждого файла и его назначения
302 Описание каждой фунции и ее назначение
303 Описание каждой переменной и ее назначение

400 Создание списка действий для тестирования бота
440 Добавить в бота команду тест для обработки тестового файла
450 Добавить файл тестирования
451 Провести тестирование работы со звуковыми файлами

500 Создать второй акаунт для тестирования
600 Удалить из github папку pycache
601 Добавить папку pycache на локальных устройствах в gitignore
980 Проработка формата файла для рассылки
990 Создание файла для рассылки сообщений

1000 Реализация рассылки сообщений из файла
1005 Реализация выборки юзеров для рассылки
1010 Реализация выборочноый рассылки на основании AddUserData
1030 Описание механизма тестирования
1040 Запрос регистрации в тестовом боте 
1050 Тестирование выборочной рассылки на тестовом сервере
1060 Запись логов сообщений от пользователей
1065 Отправка лога единым файлом по расписанию
1066 Убрать возможность отвечать на вопросы если юзер удален из БД
1070 Исправление бага с нажатием кнопки ЦУ

1500 Создание бота для тестирования бота
2000 Опросы через бота