ver. 1.0.0.3
main.py - добавлен пробел в конец кода
          в сообщение print(f'Бот запущен! Текущая версия {ver}') добавлен символ форматирования
          удалил переменную a и ее объявление как глобальной
          перенес текст из переменной info в новый файл text.py
          удалил import telebot и import Proxy_bot, т.к. они не используются
          добавлен комментарий относительно будующего удаления кода кнопки "Ответить"
          
text.py - создан файл для хранения больших текстовых сообщений


ver. 1.0.0.2
main.py - удалил комментарии 1-4 и 11-12 как не несущие важной информации
          добавил комментарии к командам start, help, admin
          добавил комментарии по функциям каждого блока кода
          Добавил сообщение о запуске бота и его версии


ver. 1.0.0.1
С августа 2022 года поддержка бота переходит к Ивашеву Александру https://staff.skbkontur.ru/profile/ivashev
main.py - в строку 40 добавлен id для доступа к меню админа


WhiteList.py - в строку 10 добавлен токен для тестирования
               в строки 12 и 13 добавлены настройки SQL для тестового ПК
               в строку 15 добавлен id для доступа к функциям добавления и удаления поользователей
               убрал закоментированную чаcть из переменной mes_pas # "За доступом обратись к @fenix073 или @lexxxekb .\n\n"

modul_for_bot.py - в строке 13 заменен id с на для получения сообщений об ошибке
                 - в стоках 19 и 20 добавлены настройки SQL для тестового ПК


ver. 1.0.0.0
Бот отдела обучения компании Контур. Предназначен для самообучения консультантов технической поддержки.
Исходная версия кода, взятая из репозитория https://github.com/FCLans/OO
Разработку вел Крылов Антон https://staff.skbkontur.ru/profile/krylov.au
Сервер с ботом находиться на рабочем месте Алексееа Алексея https://staff.skbkontur.ru/profile/alekseev.aa
Так же Алексей курирует разработку, методологическую часть и добавление пользователей
