!!! Первым делом начнем реализовывать отправку сообщений через бот.

*** 100 Создание бэклога
*** 110 Удалить функцию proxy_bot и все упоминания о ней
*** 111 Перенос комментариев по коду в бэклог
*** 120 Составить список информации о юзере фиксируемой в БД
*** 149 Создать файл для обработки и хранения SQL запросов
*** 191 Запросить возможность получения инфы о юзерах
*** 192 Запросить файлы для тестирования отправки звуковых файлов
*** 194 Уточнить механизм используемый для перевода в json
*** 196 Получить рекомендации по обучению в рамках управления проектами
*** 200 Перенсти крупные блоки текста из кода в отдельный файл
*** 201 Добавить в код при добавлении и удалении пользователей запись даты добавления
*** 210 Прописать схему очистки БД на основании файла активных пользовтелей
*** 300 Создать второй акаунт для тестирования
*** 301 Удалить из github папку pycache
*** 310 Добавить в БД столбец для фиксации даты добавления в бота
*** 311 Создание тестовой ветки для отработки механизма рассылки
*** 312 Выбор логики обработки рассылки сообщений
*** 313 Создать тестовые базы данных для храниея рассылок и календаря
*** 314 Добавить файл с логикой обработки рассылки
*** 315 Создание на тестовом сервере отдельной базы юзеров для тестирования
*** 320 Написать SQL запрос на получение числа записей в таблице с текстом рассылки
*** 321 Написать SQL запрос на получение числа записей в таблице с календарем рассылки
*** 322 Написать SQL запрос на создание новой записи в таблице с текстом рассылки
*** 323 Написать SQL запрос на создание новой записи в таблице с календарем рассылки
*** 324 Написать SQL запрос на получение содержимого текста рассылки по номеру записи
*** 325 Написать SQL запрос на получение данных рассылке по номеру записи
*** 326 Написать SQL запрос на изменение текста в рассылке по ее номеру 
*** 327 Написать SQL запрос на удаление рассылки
*** 328 Разделить добровольцев на две группы по информации из Стафф на ОО и Наставников
*** 330 Функция получения дат регистрации группу
*** 331 Преобразовать данные по датам регистрации в список пар дат начало-конец регистрации
*** 332 Функция получающая из БД число дней с начала учебы стажеров и соответствующий дню номер для рассылки
*** 333 Функция возвращающая по паре дат набор id пользователей
*** 334 Функция возвращающая словрь (пара дат: id пользователей)
*** 335 Функция считающая число прошедших будних дней с дня начала занятий группы
336 

*370 Настроить расположение кнопок в меню Рассылка
*371 Настроить функционал кнопок в меню Рассылка
*375 Протестировать рассылку на основании составленного графика
379 Прописать модель тестирования рассылки, разбить на группы
380 Проверить возможность параллельной работы двух ботов в одном пространстве
381 Сделать рассылку в ручном режиме на свои аккаунты
*385 Создать файл и написать функцию запускающуюся по временнОму триггеру

380 Написать SQL запрос, формирующий срез таблицы по дате добавления
381 Написать функцию для выполнения SQL запроса 

391 Реализовать кнопку возврата для меню Рассылка
392 Создать таблицу для хранения отправленных сообщений ???
395 Разделить по дате регистрации группу добровольцев в базе данных
399 Тестирование выборочной рассылки на тестовом сервере
400 Создание списка действий для тестирования бота
440 Добавить в бота команду тест для обработки тестового файла
450 Добавить файл тестирования
451 Провести тестирование работы со звуковыми файлами

480 Перенос информации об id админов и токенах тестирования и продакшена из открытого доступа
499 Изменить личные обращения в сообщениях бота

601 Добавить папку pycache на локальных устройствах в gitignore

1060 Запись логов сообщений от пользователей
1065 Отправка лога единым файлом по расписанию
1066 Убрать возможность отвечать на вопросы если юзер удален из БД

1121 Удаление кода не выполняющего никаких функций
1131 Оптимизация кода
1131-1 modul_for_bot --- check_product --- Код можно реализовать через функцию
1131-2 modul_for_bot --- continue_ --- Часть кода можно реализовать через функцию
1220 Прописать порядок действий по переносу бота на новый сервер
1290 Список реализованных возможностей бота
1295 Список планируемых возможностей
1299 Файл с описанием требований к файлу с вопросами

1300 Написание документации по коду
1301 Описание каждого файла и его назначения
1302 Описание каждой фунции и ее назначение
1303 Описание каждой переменной и ее назначение

???? Кнопка отпаваить всем сейчас
???? Исправление бага с нажатием кнопки ЦУ
???? Создание бота для тестирования бота
???? Опросы через бота
???? Уровни прав доступа. Локальные админы
???? Перенести папку Фокус из папки ФМС. Добавить Декларант
???? Добавить пояснения правильных ответов, в случаях с кейсам
???? Удаление/Добавление файлов с вопросами через бота
???? Сбор статистики по вопросам. Необходимы уникальные идентификаторы
???? Генерация порядка вопросов по сиду, хранящемуся в БД