ver.1.0.1.0 ДОБАВЛЕНИЕ В БД СТОЛБЦА С УКАЗАНИЕМ ДАТЫ РЕГИСТРАЦИИ юзерах

WhitList.py - внесены изменения в функцию rm_user , поскольку таблицы BotUser и UserQuestions будут удалены из БД
              при релизе данной версии.
              в функции echo добавлена строчка в SQL команде для фиксации даты 
              добавлен вызов функции time лдя использования time.strftime()

-----------------------------------------------------------------------------------------

ver.1.0.0.9

bugreport.txt - добавлен файл для описания багов, выявленных при тестировании

-----------------------------------------------------------------------------------------

ver.1.0.0.8

sql_queries.py - создан файл для хранения запросов sql и строк подключения к БД

WhiteList.py - текстовое сообщение перенесено в text.py

mes_sending.txt - создан файл для фиксации плана по созданию механизма рассылки,
                  файл заполнен, селаны примерный временные отметки

text.py - перенесены в файл большие куски текста из различных частей программы

-----------------------------------------------------------------------------------------

ver.1.0.0.7

docs.folder - создана новая папка для хранения документации по боту

change.log и back.log - перенесены в папку docs

DataInDB.txt - создан файл с описанием текущих столбцов в БД и идями по добавлению

pycache.folders - удалил папки pycache из корня и папки с кливиатурами

-----------------------------------------------------------------------------------------

ver.1.0.0.6
Изменения версии изначально по ошибке были сделаны непосредственно в main ветке.
Этот комментарий делается для того, что бы зафиксировать версию в правильной ветке.

main.py - удаление декоратора срабатывающего на нажатие кнопки 'Ответить'
          Создание самих кнопок закомментировано. Данный код так-же будет удален.

modul_for_bot.py - удаление закомментированных строчек по созданию кнопки 'Ответить'

-----------------------------------------------------------------------------------------

ver.1.0.0.5
main.py - изменено значение переменной ver на '1.0.0.5'

back.log - создан файл для фиксирования идей для разработки

Proxy_bot.py - удален, поскольку прокси не используется

pyvenv.cfg - удален. Необходимость данного файла в репозитории под вопросом

change.log - добавлены разделители между блоками описания версий

-----------------------------------------------------------------------------------------

ver.1.0.0.4
main.py - изменено значение переменной ver на '1.0.0.4'

test_mode_check.py - добавлены клмментарии к функциям

WhiteList.py - смена форматирования SQL запроса в функции echo. Суть запроса не менялась
               форматирование изменено для add_user и rm_user
               добавлены комментарии с описанием сути работы функции

-----------------------------------------------------------------------------------------

ver.1.0.0.3c 
test_mode = test_mode_check.test_mode заменено на test_mode = test_mode_check.test_mode()
Добавлены test_mode_check в файлах, где функия используется

ver.1.0.0.3b
Добавлено в gitignore /__pycache__ и /keyboards_modules/__pycache__
Удалены все "from main import test_mode"
В файлы main, WhiteList, modul_for_bot добавлены переменные test_mode
Создан файл test_mode_check для смены режима тест/продакшн в одном месте

ver.1.0.0.3a
При тестировании версии 1.0.0.3 была обнаружена неспособнось декоратора в main.py получить значение
переменной bot, которая была перенесена в цикл для отслеживания запуска тестового режима.
Необходимо вынести переменную bot обратно, а ее определение реализовать через функцию
WhiteList.py - цикл заменен на три функции, определение переменных происходит через функции

ver.1.0.0.3
main.py - добавлен пробел в конец кода
          в сообщение print(f'Бот запущен! Текущая версия {ver}') добавлен символ форматирования
          удалил переменную a и ее объявление как глобальной
          перенес текст из переменной info в новый файл text.py
          удалил import telebot и import Proxy_bot, т.к. они не используются
          добавлен комментарий относительно будующего удаления кода кнопки "Ответить"
          Добавлена переменная test_mode и проверки на режим тестирования перед запуском основного цикла
          
text.py - создан файл для хранения больших текстовых сообщений

modul_for_bot.py - убраны в комментарий параметры подключения к SQL серверу.
                   Данные параметы есть в WhiteList.py, а в этом файле не используются
                   Добавлен цикл проверки на режим тестирования через переменную test_mode
                   Для тестового режима добавлены значения переменных alex_id, toha_id

WhiteList.py - Добавлен цикл проверки на режим тестирования через переменную test_mode
               Для тестового режима добавлены значения переменных bot, myDatabase, mySQLServer, mes

-----------------------------------------------------------------------------------------

ver.1.0.0.2
main.py - удалил комментарии 1-4 и 11-12 как не несущие важной информации
          добавил комментарии к командам start, help, admin
          добавил комментарии по функциям каждого блока кода
          Добавил сообщение о запуске бота и его версии

-----------------------------------------------------------------------------------------

ver.1.0.0.1
С августа 2022 года поддержка бота переходит к Ивашеву Александру https://staff.skbkontur.ru/profile/ivashev
main.py - в строку 40 добавлен id для доступа к меню админа


WhiteList.py - в строку 10 добавлен токен для тестирования
               в строки 12 и 13 добавлены настройки SQL для тестового ПК
               в строку 15 добавлен id для доступа к функциям добавления и удаления поользователей
               убрал закоментированную чаcть из переменной mes_pas # "За доступом обратись к @fenix073 или @lexxxekb .\n\n"

modul_for_bot.py - в строке 13 заменен id с на для получения сообщений об ошибке
                 - в стоках 19 и 20 добавлены настройки SQL для тестового ПК

-----------------------------------------------------------------------------------------

ver.1.0.0.0
Бот отдела обучения компании Контур. Предназначен для самообучения консультантов технической поддержки.
Исходная версия кода, взятая из репозитория https://github.com/FCLans/OO
Разработку вел Крылов Антон https://staff.skbkontur.ru/profile/krylov.au
Сервер с ботом находиться на рабочем месте Алексееа Алексея https://staff.skbkontur.ru/profile/alekseev.aa
Так же Алексей курирует разработку, методологическую часть и добавление пользователей
